c:\users\21314\desktop\cpppractice\x64\debug\vc143.pdb
c:\users\21314\desktop\cpppractice\x64\debug\vc143.idb
c:\users\21314\desktop\cpppractice\x64\debug\105_类模板对象做函数参数.obj
c:\users\21314\desktop\cpppractice\x64\debug\107_类模板成员函数的类外实现.obj
c:\users\21314\desktop\cpppractice\x64\debug\108_类模板分文件编写.obj
c:\users\21314\desktop\cpppractice\x64\debug\109_类模板与友元.obj
c:\users\21314\desktop\cpppractice\x64\debug\110_通用的数组类的实现.obj
c:\users\21314\desktop\cpppractice\x64\debug\110_myarray.obj
c:\users\21314\desktop\cpppractice\x64\debug\112_vector存放自定义数据类型.obj
c:\users\21314\desktop\cpppractice\x64\debug\111_vector存放内置数据类型.obj
c:\users\21314\desktop\cpppractice\x64\debug\113_容器嵌套容器.obj
c:\users\21314\desktop\cpppractice\x64\debug\114_字符串比较.obj
c:\users\21314\desktop\cpppractice\x64\debug\115_string字符存取.obj
c:\users\21314\desktop\cpppractice\x64\debug\116_string字符串的插入和删除.obj
c:\users\21314\desktop\cpppractice\x64\debug\117_获取子串.obj
c:\users\21314\desktop\cpppractice\x64\debug\118_vector的构造函数.obj
c:\users\21314\desktop\cpppractice\x64\debug\120_vector插入和删除.obj
c:\users\21314\desktop\cpppractice\x64\debug\119_vector容量和大小.obj
c:\users\21314\desktop\cpppractice\x64\debug\121_vector存取数据.obj
c:\users\21314\desktop\cpppractice\x64\debug\122_vector容器互换容器.obj
c:\users\21314\desktop\cpppractice\x64\debug\123_预留空间.obj
c:\users\21314\desktop\cpppractice\x64\debug\124_deque构造函数.obj
c:\users\21314\desktop\cpppractice\x64\debug\cpppractice.exe
c:\users\21314\desktop\cpppractice\x64\debug\cpppractice.ilk
c:\users\21314\desktop\cpppractice\x64\debug\cpppractice.pdb
c:\users\21314\desktop\cpppractice\x64\debug\源.obj
c:\users\21314\desktop\cpppractice\x64\debug\cpppractice.tlog\cl.command.1.tlog
c:\users\21314\desktop\cpppractice\x64\debug\cpppractice.tlog\cl.read.1.tlog
c:\users\21314\desktop\cpppractice\x64\debug\cpppractice.tlog\cl.write.1.tlog
c:\users\21314\desktop\cpppractice\x64\debug\cpppractice.tlog\link.command.1.tlog
c:\users\21314\desktop\cpppractice\x64\debug\cpppractice.tlog\link.read.1.tlog
c:\users\21314\desktop\cpppractice\x64\debug\cpppractice.tlog\link.write.1.tlog
